<?xml version="1.0" encoding="UTF-8"?>
<testng-results skipped="2" failed="0" total="2" passed="0">
  <reporter-output>
  </reporter-output>
  <suite name="TestSuite" duration-ms="9084" started-at="2019-09-18T08:35:09Z" finished-at="2019-09-18T08:35:18Z">
    <groups>
    </groups>
    <test name="Default test" duration-ms="9084" started-at="2019-09-18T08:35:09Z" finished-at="2019-09-18T08:35:18Z">
      <class name="testNG.Demo">
        <test-method status="SKIP" signature="login(java.lang.String, java.lang.String)[pri:0, instance:testNG.Demo@3ffc5af1]" name="login" duration-ms="0" started-at="2019-09-18T14:05:17Z" finished-at="2019-09-18T14:05:17Z">
          <exception class="org.testng.TestNGException">
            <message>
              <![CDATA[
Parameter 'sUsername' is required by @Test on method login but has not been marked @Optional or defined
in C:\Users\Dell\eclipse-workspace\selinium\TestNgfile.xml]]>
            </message>
            <full-stacktrace>
              <![CDATA[org.testng.TestNGException: 
Parameter 'sUsername' is required by @Test on method login but has not been marked @Optional or defined
in C:\Users\Dell\eclipse-workspace\selinium\TestNgfile.xml
	at org.testng.internal.Parameters.createParameters(Parameters.java:154)
	at org.testng.internal.Parameters.createParameters(Parameters.java:361)
	at org.testng.internal.Parameters.handleParameters(Parameters.java:451)
	at org.testng.internal.Invoker.handleParameters(Invoker.java:1270)
	at org.testng.internal.Invoker.createParameters(Invoker.java:985)
	at org.testng.internal.Invoker.invokeTestMethods(Invoker.java:1075)
	at org.testng.internal.TestMethodWorker.invokeTestMethods(TestMethodWorker.java:125)
	at org.testng.internal.TestMethodWorker.run(TestMethodWorker.java:108)
	at java.util.concurrent.ThreadPoolExecutor.runWorker(Unknown Source)
	at java.util.concurrent.ThreadPoolExecutor$Worker.run(Unknown Source)
	at java.lang.Thread.run(Unknown Source)
]]>
            </full-stacktrace>
          </exception> <!-- org.testng.TestNGException -->
          <reporter-output>
          </reporter-output>
        </test-method> <!-- login -->
      </class> <!-- testNG.Demo -->
      <class name="testNG.ConnectTestNG">
        <test-method status="PASS" signature="launch()[pri:0, instance:testNG.ConnectTestNG@29774679]" name="launch" is-config="true" duration-ms="4042" started-at="2019-09-18T14:05:09Z" finished-at="2019-09-18T14:05:13Z">
          <reporter-output>
          </reporter-output>
        </test-method> <!-- launch -->
        <test-method status="PASS" signature="launch()[pri:0, instance:testNG.Demo@3ffc5af1]" name="launch" is-config="true" duration-ms="3414" started-at="2019-09-18T14:05:13Z" finished-at="2019-09-18T14:05:17Z">
          <reporter-output>
          </reporter-output>
        </test-method> <!-- launch -->
        <test-method status="SKIP" signature="login(java.lang.String, java.lang.String)[pri:0, instance:testNG.ConnectTestNG@29774679]" name="login" duration-ms="0" started-at="2019-09-18T14:05:17Z" finished-at="2019-09-18T14:05:17Z">
          <exception class="org.testng.TestNGException">
            <message>
              <![CDATA[
Parameter 'sUsername' is required by @Test on method login but has not been marked @Optional or defined
in C:\Users\Dell\eclipse-workspace\selinium\TestNgfile.xml]]>
            </message>
            <full-stacktrace>
              <![CDATA[org.testng.TestNGException: 
Parameter 'sUsername' is required by @Test on method login but has not been marked @Optional or defined
in C:\Users\Dell\eclipse-workspace\selinium\TestNgfile.xml
	at org.testng.internal.Parameters.createParameters(Parameters.java:154)
	at org.testng.internal.Parameters.createParameters(Parameters.java:361)
	at org.testng.internal.Parameters.handleParameters(Parameters.java:451)
	at org.testng.internal.Invoker.handleParameters(Invoker.java:1270)
	at org.testng.internal.Invoker.createParameters(Invoker.java:985)
	at org.testng.internal.Invoker.invokeTestMethods(Invoker.java:1075)
	at org.testng.internal.TestMethodWorker.invokeTestMethods(TestMethodWorker.java:125)
	at org.testng.internal.TestMethodWorker.run(TestMethodWorker.java:108)
	at java.util.concurrent.ThreadPoolExecutor.runWorker(Unknown Source)
	at java.util.concurrent.ThreadPoolExecutor$Worker.run(Unknown Source)
	at java.lang.Thread.run(Unknown Source)
]]>
            </full-stacktrace>
          </exception> <!-- org.testng.TestNGException -->
          <reporter-output>
          </reporter-output>
        </test-method> <!-- login -->
        <test-method status="PASS" signature="close()[pri:0, instance:testNG.ConnectTestNG@29774679]" name="close" is-config="true" duration-ms="857" started-at="2019-09-18T14:05:17Z" finished-at="2019-09-18T14:05:18Z">
          <reporter-output>
          </reporter-output>
        </test-method> <!-- close -->
        <test-method status="PASS" signature="close()[pri:0, instance:testNG.Demo@3ffc5af1]" name="close" is-config="true" duration-ms="750" started-at="2019-09-18T14:05:18Z" finished-at="2019-09-18T14:05:18Z">
          <reporter-output>
          </reporter-output>
        </test-method> <!-- close -->
      </class> <!-- testNG.ConnectTestNG -->
    </test> <!-- Default test -->
  </suite> <!-- TestSuite -->
</testng-results>
