<?xml version="1.0" encoding="UTF-8"?>
<!-- Generated by org.testng.reporters.JUnitReportReporter -->
<testsuite hostname="Dell-PC" name="testNG.Demo" tests="1" failures="0" timestamp="18 Sep 2019 08:35:18 GMT" time="0.000" errors="1">
  <testcase name="login" time="0.000" classname="testNG.Demo">
    <error type="org.testng.TestNGException" message="
Parameter &#039;sUsername&#039; is required by @Test on method login but has not been marked @Optional or defined
in C:\Users\Dell\eclipse-workspace\selinium\TestNgfile.xml">
      <![CDATA[org.testng.TestNGException: 
Parameter 'sUsername' is required by @Test on method login but has not been marked @Optional or defined
in C:\Users\Dell\eclipse-workspace\selinium\TestNgfile.xml
	at org.testng.internal.Parameters.createParameters(Parameters.java:154)
	at org.testng.internal.Parameters.createParameters(Parameters.java:361)
	at org.testng.internal.Parameters.handleParameters(Parameters.java:451)
	at org.testng.internal.Invoker.handleParameters(Invoker.java:1270)
	at org.testng.internal.Invoker.createParameters(Invoker.java:985)
	at org.testng.internal.Invoker.invokeTestMethods(Invoker.java:1075)
	at org.testng.internal.TestMethodWorker.invokeTestMethods(TestMethodWorker.java:125)
	at org.testng.internal.TestMethodWorker.run(TestMethodWorker.java:108)
	at java.util.concurrent.ThreadPoolExecutor.runWorker(Unknown Source)
	at java.util.concurrent.ThreadPoolExecutor$Worker.run(Unknown Source)
	at java.lang.Thread.run(Unknown Source)
]]>
    </error>
  </testcase> <!-- login -->
</testsuite> <!-- testNG.Demo -->
